This is pdfTeX, Version 3.141592653-2.6-1.40.22 (TeX Live 2022/dev/Debian) (preloaded format=pdflatex 2024.6.5)  26 SEP 2024 15:31
entering extended mode
 restricted \write18 enabled.
 %&-line parsing enabled.
**pblc.tex
(./pblc.tex
LaTeX2e <2021-11-15> patch level 1
L3 programming layer <2022-01-21>
(/usr/share/texlive/texmf-dist/tex/latex/base/article.cls
Document Class: article 2021/10/04 v1.4n Standard LaTeX document class
(/usr/share/texlive/texmf-dist/tex/latex/base/size12.clo
File: size12.clo 2021/10/04 v1.4n Standard LaTeX file (size option)
)
\c@part=\count185
\c@section=\count186
\c@subsection=\count187
\c@subsubsection=\count188
\c@paragraph=\count189
\c@subparagraph=\count190
\c@figure=\count191
\c@table=\count192
\abovecaptionskip=\skip47
\belowcaptionskip=\skip48
\bibindent=\dimen138
)
(/usr/share/texlive/texmf-dist/tex/latex/enumitem/enumitem.sty
Package: enumitem 2019/06/20 v3.9 Customized lists
\enitkv@toks@=\toks16
\labelindent=\skip49
\enit@outerparindent=\dimen139
\enit@toks=\toks17
\enit@inbox=\box50
\enit@count@id=\count193
\enitdp@description=\count194
)
(/usr/share/texlive/texmf-dist/tex/latex/booktabs/booktabs.sty
Package: booktabs 2020/01/12 v1.61803398 Publication quality tables
\heavyrulewidth=\dimen140
\lightrulewidth=\dimen141
\cmidrulewidth=\dimen142
\belowrulesep=\dimen143
\belowbottomsep=\dimen144
\aboverulesep=\dimen145
\abovetopsep=\dimen146
\cmidrulesep=\dimen147
\cmidrulekern=\dimen148
\defaultaddspace=\dimen149
\@cmidla=\count195
\@cmidlb=\count196
\@aboverulesep=\dimen150
\@belowrulesep=\dimen151
\@thisruleclass=\count197
\@lastruleclass=\count198
\@thisrulewidth=\dimen152
)
(/usr/share/texlive/texmf-dist/tex/latex/graphics/graphicx.sty
Package: graphicx 2021/09/16 v1.2d Enhanced LaTeX Graphics (DPC,SPQR)

(/usr/share/texlive/texmf-dist/tex/latex/graphics/keyval.sty
Package: keyval 2014/10/28 v1.15 key=value parser (DPC)
\KV@toks@=\toks18
)
(/usr/share/texlive/texmf-dist/tex/latex/graphics/graphics.sty
Package: graphics 2021/03/04 v1.4d Standard LaTeX Graphics (DPC,SPQR)

(/usr/share/texlive/texmf-dist/tex/latex/graphics/trig.sty
Package: trig 2021/08/11 v1.11 sin cos tan (DPC)
)
(/usr/share/texlive/texmf-dist/tex/latex/graphics-cfg/graphics.cfg
File: graphics.cfg 2016/06/04 v1.11 sample graphics configuration
)
Package graphics Info: Driver file: pdftex.def on input line 107.

(/usr/share/texlive/texmf-dist/tex/latex/graphics-def/pdftex.def
File: pdftex.def 2020/10/05 v1.2a Graphics/color driver for pdftex
))
\Gin@req@height=\dimen153
\Gin@req@width=\dimen154
)
(/usr/share/texlive/texmf-dist/tex/latex/caption/caption.sty
Package: caption 2020/10/26 v3.5g Customizing captions (AR)

(/usr/share/texlive/texmf-dist/tex/latex/caption/caption3.sty
Package: caption3 2020/10/21 v2.2e caption3 kernel (AR)
\captionmargin=\dimen155
\captionmargin@=\dimen156
\captionwidth=\dimen157
\caption@tempdima=\dimen158
\caption@indent=\dimen159
\caption@parindent=\dimen160
\caption@hangindent=\dimen161
Package caption Info: Standard document class detected.
)
\c@caption@flags=\count199
\c@continuedfloat=\count266
)
(/usr/share/texlive/texmf-dist/tex/latex/caption/subcaption.sty
Package: subcaption 2020/10/07 v1.3j Sub-captions (AR)
\c@subfigure=\count267
\c@subtable=\count268
)
(/usr/share/texlive/texmf-dist/tex/latex/float/float.sty
Package: float 2001/11/08 v1.3d Float enhancements (AL)
\c@float@type=\count269
\float@exts=\toks19
\float@box=\box51
\@float@everytoks=\toks20
\@floatcapt=\box52
)
(/usr/share/texlive/texmf-dist/tex/latex/l3backend/l3backend-pdftex.def
File: l3backend-pdftex.def 2022-01-12 L3 backend support: PDF output (pdfTeX)
\l__color_backend_stack_int=\count270
\l__pdf_internal_box=\box53
)
(./pblc.aux)
\openout1 = `pblc.aux'.

LaTeX Font Info:    Checking defaults for OML/cmm/m/it on input line 17.
LaTeX Font Info:    ... okay on input line 17.
LaTeX Font Info:    Checking defaults for OMS/cmsy/m/n on input line 17.
LaTeX Font Info:    ... okay on input line 17.
LaTeX Font Info:    Checking defaults for OT1/cmr/m/n on input line 17.
LaTeX Font Info:    ... okay on input line 17.
LaTeX Font Info:    Checking defaults for T1/cmr/m/n on input line 17.
LaTeX Font Info:    ... okay on input line 17.
LaTeX Font Info:    Checking defaults for TS1/cmr/m/n on input line 17.
LaTeX Font Info:    ... okay on input line 17.
LaTeX Font Info:    Checking defaults for OMX/cmex/m/n on input line 17.
LaTeX Font Info:    ... okay on input line 17.
LaTeX Font Info:    Checking defaults for U/cmr/m/n on input line 17.
LaTeX Font Info:    ... okay on input line 17.
 (/usr/share/texlive/texmf-dist/tex/context/base/mkii/supp-pdf.mkii
[Loading MPS to PDF converter (version 2006.09.02).]
\scratchcounter=\count271
\scratchdimen=\dimen162
\scratchbox=\box54
\nofMPsegments=\count272
\nofMParguments=\count273
\everyMPshowfont=\toks21
\MPscratchCnt=\count274
\MPscratchDim=\dimen163
\MPnumerator=\count275
\makeMPintoPDFobject=\count276
\everyMPtoPDFconversion=\toks22
) (/usr/share/texlive/texmf-dist/tex/latex/epstopdf-pkg/epstopdf-base.sty
Package: epstopdf-base 2020-01-24 v2.11 Base part for package epstopdf
Package epstopdf-base Info: Redefining graphics rule for `.eps' on input line 4
85.

(/usr/share/texlive/texmf-dist/tex/latex/latexconfig/epstopdf-sys.cfg
File: epstopdf-sys.cfg 2010/07/13 v1.3 Configuration of (r)epstopdf for TeX Liv
e
))
Package caption Info: Begin \AtBeginDocument code.
Package caption Info: float package is loaded.
Package caption Info: End \AtBeginDocument code.
LaTeX Font Info:    External font `cmex10' loaded for size
(Font)              <14.4> on input line 19.
LaTeX Font Info:    External font `cmex10' loaded for size
(Font)              <7> on input line 19.

[1

{/var/lib/texmf/fonts/map/pdftex/updmap/pdftex.map}] [2] [3]
Overfull \hbox (1.85843pt too wide) in paragraph at lines 108--109
\OT1/cmr/m/n/12 Os alunos de-vem poder avaliar pro-fes-sores com base em crit^^
Serios pr^^Se-definidos,
 []


Overfull \hbox (7.01402pt too wide) in paragraph at lines 116--117
\OT1/cmr/m/n/12 O sis-tema deve en-viar no-ti-fica^^Xc~oes aos usu^^Sarios so-b
re o sta-tus de suas avalia^^Xc~oes
 []

[4] [5]
<diagramas/diag-casos-de-uso.png, id=23, 371.3875pt x 515.9275pt>
File: diagramas/diag-casos-de-uso.png Graphic file (type png)
<use diagramas/diag-casos-de-uso.png>
Package pdftex.def Info: diagramas/diag-casos-de-uso.png  used on input line 13
3.
(pdftex.def)             Requested size: 390.0pt x 541.79497pt.


LaTeX Warning: Float too large for page by 17.79495pt on input line 135.


LaTeX Warning: `h' float specifier changed to `ht'.

LaTeX Font Info:    External font `cmex10' loaded for size
(Font)              <12> on input line 167.
LaTeX Font Info:    External font `cmex10' loaded for size
(Font)              <8> on input line 167.
LaTeX Font Info:    External font `cmex10' loaded for size
(Font)              <6> on input line 167.
<diagramas/i1-cadastro-usuario.png, id=25, 710.655pt x 396.48125pt>
File: diagramas/i1-cadastro-usuario.png Graphic file (type png)
<use diagramas/i1-cadastro-usuario.png>
Package pdftex.def Info: diagramas/i1-cadastro-usuario.png  used on input line 
350.
(pdftex.def)             Requested size: 312.00119pt x 174.07114pt.
[6] [7]
<diagramas/i2-login-autent.png, id=33, 718.685pt x 442.65375pt>
File: diagramas/i2-login-autent.png Graphic file (type png)
<use diagramas/i2-login-autent.png>
Package pdftex.def Info: diagramas/i2-login-autent.png  used on input line 357.

(pdftex.def)             Requested size: 312.00119pt x 192.17458pt.
 [8 <./diagramas/i1-cadastro-usuario.png>]
<diagramas/i3-avaliac-professores.png, id=38, 718.685pt x 390.45876pt>
File: diagramas/i3-avaliac-professores.png Graphic file (type png)
<use diagramas/i3-avaliac-professores.png>
Package pdftex.def Info: diagramas/i3-avaliac-professores.png  used on input li
ne 364.
(pdftex.def)             Requested size: 312.00119pt x 169.51454pt.
<diagramas/i5-relatorios-admin.png, id=39, 798.985pt x 413.545pt>
File: diagramas/i5-relatorios-admin.png Graphic file (type png)
<use diagramas/i5-relatorios-admin.png>
Package pdftex.def Info: diagramas/i5-relatorios-admin.png  used on input line 
371.
(pdftex.def)             Requested size: 312.00119pt x 161.49013pt.
 [9 <./diagramas/i2-login-autent.png> <./diagramas/i3-avaliac-professores.png>]
<diagramas/i6-gestao-editar-perfil.png, id=45, 718.685pt x 366.36874pt>
File: diagramas/i6-gestao-editar-perfil.png Graphic file (type png)
<use diagramas/i6-gestao-editar-perfil.png>
Package pdftex.def Info: diagramas/i6-gestao-editar-perfil.png  used on input l
ine 378.
(pdftex.def)             Requested size: 312.00119pt x 159.05605pt.
<diagramas/i7-enviar-notificacoes.png, id=46, 712.6625pt x 370.38374pt>
File: diagramas/i7-enviar-notificacoes.png Graphic file (type png)
<use diagramas/i7-enviar-notificacoes.png>
Package pdftex.def Info: diagramas/i7-enviar-notificacoes.png  used on input li
ne 385.
(pdftex.def)             Requested size: 312.00119pt x 162.14986pt.
 [10 <./diagramas/i5-relatorios-admin.png> <./diagramas/i6-gestao-editar-perfil
.png>]
<diagramas/i8-filtro-pesq-professor.png, id=52, 712.6625pt x 370.38374pt>
File: diagramas/i8-filtro-pesq-professor.png Graphic file (type png)
<use diagramas/i8-filtro-pesq-professor.png>
Package pdftex.def Info: diagramas/i8-filtro-pesq-professor.png  used on input 
line 392.
(pdftex.def)             Requested size: 312.00119pt x 162.14986pt.
<diagramas/i9-historico-avaliacoes.png, id=53, 614.295pt x 439.6425pt>
File: diagramas/i9-historico-avaliacoes.png Graphic file (type png)
<use diagramas/i9-historico-avaliacoes.png>
Package pdftex.def Info: diagramas/i9-historico-avaliacoes.png  used on input l
ine 399.
(pdftex.def)             Requested size: 312.00119pt x 223.29565pt.
 [11 <./diagramas/i7-enviar-notificacoes.png> <./diagramas/i8-filtro-pesq-profe
ssor.png>]
<diagramas/i10-feedback-sugestoes.png, id=59, 644.4075pt x 316.18124pt>
File: diagramas/i10-feedback-sugestoes.png Graphic file (type png)
<use diagramas/i10-feedback-sugestoes.png>
Package pdftex.def Info: diagramas/i10-feedback-sugestoes.png  used on input li
ne 406.
(pdftex.def)             Requested size: 312.00119pt x 153.09201pt.
<diagramas/i11-avaliar-univ.png, id=60, 684.5575pt x 409.53pt>
File: diagramas/i11-avaliar-univ.png Graphic file (type png)
<use diagramas/i11-avaliar-univ.png>
Package pdftex.def Info: diagramas/i11-avaliar-univ.png  used on input line 413
.
(pdftex.def)             Requested size: 312.00119pt x 186.65512pt.
 [12 <./diagramas/i9-historico-avaliacoes.png> <./diagramas/i10-feedback-sugest
oes.png>]
<diagramas/i12-filtro-pesq-univ.png, id=66, 672.5125pt x 338.26375pt>
File: diagramas/i12-filtro-pesq-univ.png Graphic file (type png)
<use diagramas/i12-filtro-pesq-univ.png>
Package pdftex.def Info: diagramas/i12-filtro-pesq-univ.png  used on input line
 420.
(pdftex.def)             Requested size: 312.00119pt x 156.9297pt.
<diagramas/i13-avaliac-univ.png, id=67, 657.45625pt x 342.27875pt>
File: diagramas/i13-avaliac-univ.png Graphic file (type png)
<use diagramas/i13-avaliac-univ.png>
Package pdftex.def Info: diagramas/i13-avaliac-univ.png  used on input line 427
.
(pdftex.def)             Requested size: 312.00119pt x 162.43262pt.

[13 <./diagramas/i11-avaliar-univ.png> <./diagramas/i12-filtro-pesq-univ.png>]
<diagramas/diag-classes.png, id=74, 452.69125pt x 428.60126pt>
File: diagramas/diag-classes.png Graphic file (type png)
<use diagramas/diag-classes.png>
Package pdftex.def Info: diagramas/diag-classes.png  used on input line 436.
(pdftex.def)             Requested size: 312.00119pt x 295.39511pt.

[14 <./diagramas/i13-avaliac-univ.png>]
<interfaces/i1-login.png, id=79, 760.8425pt x 543.02875pt>
File: interfaces/i1-login.png Graphic file (type png)
<use interfaces/i1-login.png>
Package pdftex.def Info: interfaces/i1-login.png  used on input line 445.
(pdftex.def)             Requested size: 312.00119pt x 222.68465pt.
 [15 <./diagramas/diag-classes.png>]
<interfaces/i2-signin.png, id=84, 762.85pt x 554.07pt>
File: interfaces/i2-signin.png Graphic file (type png)
<use interfaces/i2-signin.png>
Package pdftex.def Info: interfaces/i2-signin.png  used on input line 452.
(pdftex.def)             Requested size: 312.00119pt x 226.61218pt.

[16 <./interfaces/i1-login.png>]
<interfaces/i3-home.png, id=89, 756.8275pt x 545.03625pt>
File: interfaces/i3-home.png Graphic file (type png)
<use interfaces/i3-home.png>
Package pdftex.def Info: interfaces/i3-home.png  used on input line 459.
(pdftex.def)             Requested size: 312.00119pt x 224.68884pt.
<interfaces/i4-update-user.png, id=90, 764.8575pt x 542.025pt>
File: interfaces/i4-update-user.png Graphic file (type png)
<use interfaces/i4-update-user.png>
Package pdftex.def Info: interfaces/i4-update-user.png  used on input line 466.

(pdftex.def)             Requested size: 312.00119pt x 221.0986pt.
 [17 <./interfaces/i2-signin.png> <./interfaces/i3-home.png>]
<interfaces/i5-avaliar-prof.png, id=96, 761.84625pt x 539.01375pt>
File: interfaces/i5-avaliar-prof.png Graphic file (type png)
<use interfaces/i5-avaliar-prof.png>
Package pdftex.def Info: interfaces/i5-avaliar-prof.png  used on input line 473
.
(pdftex.def)             Requested size: 312.00119pt x 220.7421pt.
<interfaces/i6-relatorio.png, id=97, 622.325pt x 444.66125pt>
File: interfaces/i6-relatorio.png Graphic file (type png)
<use interfaces/i6-relatorio.png>
Package pdftex.def Info: interfaces/i6-relatorio.png  used on input line 480.
(pdftex.def)             Requested size: 312.00119pt x 222.92715pt.
 [18 <./interfaces/i4-update-user.png> <./interfaces/i5-avaliar-prof.png>]
<interfaces/i7-historico.png, id=103, 622.325pt x 444.66125pt>
File: interfaces/i7-historico.png Graphic file (type png)
<use interfaces/i7-historico.png>
Package pdftex.def Info: interfaces/i7-historico.png  used on input line 487.
(pdftex.def)             Requested size: 312.00119pt x 222.92715pt.
<interfaces/i8-notificacoes.png, id=104, 622.325pt x 444.66125pt>
File: interfaces/i8-notificacoes.png Graphic file (type png)
<use interfaces/i8-notificacoes.png>
Package pdftex.def Info: interfaces/i8-notificacoes.png  used on input line 494
.
(pdftex.def)             Requested size: 312.00119pt x 222.92715pt.
 [19 <./interfaces/i6-relatorio.png> <./interfaces/i7-historico.png>]
<interfaces/i9-feedback.png, id=111, 622.325pt x 444.66125pt>
File: interfaces/i9-feedback.png Graphic file (type png)
<use interfaces/i9-feedback.png>
Package pdftex.def Info: interfaces/i9-feedback.png  used on input line 501.
(pdftex.def)             Requested size: 312.00119pt x 222.92715pt.
<interfaces/i10-faq.png, id=112, 622.325pt x 445.665pt>
File: interfaces/i10-faq.png Graphic file (type png)
<use interfaces/i10-faq.png>
Package pdftex.def Info: interfaces/i10-faq.png  used on input line 508.
(pdftex.def)             Requested size: 312.00119pt x 223.43037pt.

[20 <./interfaces/i8-notificacoes.png> <./interfaces/i9-feedback.png>]
<interfaces/i11-perfil-prof.png, id=118, 619.31375pt x 442.65375pt>
File: interfaces/i11-perfil-prof.png Graphic file (type png)
<use interfaces/i11-perfil-prof.png>
Package pdftex.def Info: interfaces/i11-perfil-prof.png  used on input line 515
.
(pdftex.def)             Requested size: 312.00119pt x 223.00815pt.
<interfaces/i12-perfil-univ.png, id=119, 619.31375pt x 444.66125pt>
File: interfaces/i12-perfil-univ.png Graphic file (type png)
<use interfaces/i12-perfil-univ.png>
Package pdftex.def Info: interfaces/i12-perfil-univ.png  used on input line 522
.
(pdftex.def)             Requested size: 312.00119pt x 224.01953pt.
 [21 <./interfaces/i10-faq.png> <./interfaces/i11-perfil-prof.png>] [22 <./inte
rfaces/i12-perfil-univ.png>] [23 <./diagramas/diag-casos-de-uso.png>] (./pblc.a
ux) ) 
Here is how much of TeX's memory you used:
 3330 strings out of 480247
 62253 string characters out of 5896152
 377108 words of memory out of 5000000
 21261 multiletter control sequences out of 15000+600000
 475111 words of font info for 47 fonts, out of 8000000 for 9000
 14 hyphenation exceptions out of 8191
 55i,10n,63p,297b,294s stack positions out of 5000i,500n,10000p,200000b,80000s
 </home/fadul/.texlive2021/texmf-var/fonts/pk/ljfour/jknappen/ec/tcrm1200.
600pk></usr/share/texlive/texmf-dist/fonts/type1/public/amsfonts/cm/cmbx12.pfb>
</usr/share/texlive/texmf-dist/fonts/type1/public/amsfonts/cm/cmr12.pfb></usr/s
hare/texlive/texmf-dist/fonts/type1/public/amsfonts/cm/cmr17.pfb></usr/share/te
xlive/texmf-dist/fonts/type1/public/amsfonts/cm/cmti12.pfb>
Output written on pblc.pdf (23 pages, 1642036 bytes).
PDF statistics:
 156 PDF objects out of 1000 (max. 8388607)
 69 compressed objects within 1 object stream
 0 named destinations out of 1000 (max. 500000)
 131 words of extra memory for PDF output out of 10000 (max. 10000000)

